Warning[207] P:\EMBEDDED SYSTEMS\MASTERMIND.X\THE_REAL_DEAL.ASM 146 : Found label after column 1. (DIG1)
Warning[207] P:\EMBEDDED SYSTEMS\MASTERMIND.X\THE_REAL_DEAL.ASM 147 : Found label after column 1. (DIG2)
Warning[207] P:\EMBEDDED SYSTEMS\MASTERMIND.X\THE_REAL_DEAL.ASM 148 : Found label after column 1. (DIG3)
Warning[207] P:\EMBEDDED SYSTEMS\MASTERMIND.X\THE_REAL_DEAL.ASM 149 : Found label after column 1. (DIG4)
Warning[207] P:\EMBEDDED SYSTEMS\MASTERMIND.X\THE_REAL_DEAL.ASM 150 : Found label after column 1. (COUNT_BLACK)
Warning[207] P:\EMBEDDED SYSTEMS\MASTERMIND.X\THE_REAL_DEAL.ASM 151 : Found label after column 1. (COUNT_WHITE)
Warning[207] P:\EMBEDDED SYSTEMS\MASTERMIND.X\THE_REAL_DEAL.ASM 152 : Found label after column 1. (RELOAD)
Warning[207] P:\EMBEDDED SYSTEMS\MASTERMIND.X\THE_REAL_DEAL.ASM 159 : Found label after column 1. (LOOP1b)
Warning[207] P:\EMBEDDED SYSTEMS\MASTERMIND.X\THE_REAL_DEAL.ASM 163 : Found label after column 1. (LOOP2b)
Warning[207] P:\EMBEDDED SYSTEMS\MASTERMIND.X\THE_REAL_DEAL.ASM 167 : Found label after column 1. (LOOP3b)
Warning[207] P:\EMBEDDED SYSTEMS\MASTERMIND.X\THE_REAL_DEAL.ASM 171 : Found label after column 1. (LOOP4b)
Warning[207] P:\EMBEDDED SYSTEMS\MASTERMIND.X\THE_REAL_DEAL.ASM 1404 : Found label after column 1. (GUESS1)
Warning[207] P:\EMBEDDED SYSTEMS\MASTERMIND.X\THE_REAL_DEAL.ASM 1405 : Found label after column 1. (GUESS2)
Warning[207] P:\EMBEDDED SYSTEMS\MASTERMIND.X\THE_REAL_DEAL.ASM 1406 : Found label after column 1. (GUESS3)
Warning[207] P:\EMBEDDED SYSTEMS\MASTERMIND.X\THE_REAL_DEAL.ASM 1407 : Found label after column 1. (GUESS4)
Warning[207] P:\EMBEDDED SYSTEMS\MASTERMIND.X\THE_REAL_DEAL.ASM 1408 : Found label after column 1. (CNT)
Warning[207] P:\EMBEDDED SYSTEMS\MASTERMIND.X\THE_REAL_DEAL.ASM 1409 : Found label after column 1. (DisplayCNT)
Warning[207] P:\EMBEDDED SYSTEMS\MASTERMIND.X\THE_REAL_DEAL.ASM 1410 : Found label after column 1. (GUESS_COUNTER)
Warning[207] P:\EMBEDDED SYSTEMS\MASTERMIND.X\THE_REAL_DEAL.ASM 1411 : Found label after column 1. (COUNT_BLACK)
Warning[207] P:\EMBEDDED SYSTEMS\MASTERMIND.X\THE_REAL_DEAL.ASM 1412 : Found label after column 1. (COUNT_WHITE)
Warning[207] P:\EMBEDDED SYSTEMS\MASTERMIND.X\THE_REAL_DEAL.ASM 1413 : Found label after column 1. (INNERCOUNTER)
Warning[207] P:\EMBEDDED SYSTEMS\MASTERMIND.X\THE_REAL_DEAL.ASM 1545 : Found label after column 1. (RESET_CNT1)
Warning[207] P:\EMBEDDED SYSTEMS\MASTERMIND.X\THE_REAL_DEAL.ASM 1552 : Found label after column 1. (G1)
Warning[207] P:\EMBEDDED SYSTEMS\MASTERMIND.X\THE_REAL_DEAL.ASM 1573 : Found label after column 1. (SW2_PRESS1)
Warning[207] P:\EMBEDDED SYSTEMS\MASTERMIND.X\THE_REAL_DEAL.ASM 1579 : Found label after column 1. (SW2_RELEASE1)
Warning[207] P:\EMBEDDED SYSTEMS\MASTERMIND.X\THE_REAL_DEAL.ASM 1589 : Found label after column 1. (SW3_RELEASE1)
Warning[207] P:\EMBEDDED SYSTEMS\MASTERMIND.X\THE_REAL_DEAL.ASM 1603 : Found label after column 1. (RESET_CNT2)
Warning[207] P:\EMBEDDED SYSTEMS\MASTERMIND.X\THE_REAL_DEAL.ASM 1609 : Found label after column 1. (G2)
Warning[207] P:\EMBEDDED SYSTEMS\MASTERMIND.X\THE_REAL_DEAL.ASM 1625 : Found label after column 1. (SW2_RELEASE2)
Warning[207] P:\EMBEDDED SYSTEMS\MASTERMIND.X\THE_REAL_DEAL.ASM 1634 : Found label after column 1. (SW3_RELEASE2)
Warning[207] P:\EMBEDDED SYSTEMS\MASTERMIND.X\THE_REAL_DEAL.ASM 1648 : Found label after column 1. (RESET_CNT3)
Warning[207] P:\EMBEDDED SYSTEMS\MASTERMIND.X\THE_REAL_DEAL.ASM 1654 : Found label after column 1. (G3)
Warning[207] P:\EMBEDDED SYSTEMS\MASTERMIND.X\THE_REAL_DEAL.ASM 1670 : Found label after column 1. (SW2_RELEASE3)
Warning[207] P:\EMBEDDED SYSTEMS\MASTERMIND.X\THE_REAL_DEAL.ASM 1679 : Found label after column 1. (SW3_RELEASE3)
Warning[207] P:\EMBEDDED SYSTEMS\MASTERMIND.X\THE_REAL_DEAL.ASM 1693 : Found label after column 1. (RESET_CNT4)
Warning[207] P:\EMBEDDED SYSTEMS\MASTERMIND.X\THE_REAL_DEAL.ASM 1699 : Found label after column 1. (G4)
Warning[207] P:\EMBEDDED SYSTEMS\MASTERMIND.X\THE_REAL_DEAL.ASM 1715 : Found label after column 1. (SW2_RELEASE4)
Warning[207] P:\EMBEDDED SYSTEMS\MASTERMIND.X\THE_REAL_DEAL.ASM 1724 : Found label after column 1. (SW3_RELEASE4)
Warning[207] P:\EMBEDDED SYSTEMS\MASTERMIND.X\THE_REAL_DEAL.ASM 1745 : Found label after column 1. (REG1)
Warning[207] P:\EMBEDDED SYSTEMS\MASTERMIND.X\THE_REAL_DEAL.ASM 1746 : Found label after column 1. (REG2)
Warning[207] P:\EMBEDDED SYSTEMS\MASTERMIND.X\THE_REAL_DEAL.ASM 1747 : Found label after column 1. (REG3)
Warning[207] P:\EMBEDDED SYSTEMS\MASTERMIND.X\THE_REAL_DEAL.ASM 1748 : Found label after column 1. (REG4)
Warning[207] P:\EMBEDDED SYSTEMS\MASTERMIND.X\THE_REAL_DEAL.ASM 1750 : Found label after column 1. (REG5)
Warning[207] P:\EMBEDDED SYSTEMS\MASTERMIND.X\THE_REAL_DEAL.ASM 1751 : Found label after column 1. (REG6)
Warning[207] P:\EMBEDDED SYSTEMS\MASTERMIND.X\THE_REAL_DEAL.ASM 1752 : Found label after column 1. (REG7)
Warning[207] P:\EMBEDDED SYSTEMS\MASTERMIND.X\THE_REAL_DEAL.ASM 1753 : Found label after column 1. (REG8)
Warning[207] P:\EMBEDDED SYSTEMS\MASTERMIND.X\THE_REAL_DEAL.ASM 2146 : Found label after column 1. (NextRow)
