Warning[207] P:\EMBEDDED SYSTEMS\MASTERMIND.X\MASTERMIND.ASM 146 : Found label after column 1. (DIG1)
Warning[207] P:\EMBEDDED SYSTEMS\MASTERMIND.X\MASTERMIND.ASM 147 : Found label after column 1. (DIG2)
Warning[207] P:\EMBEDDED SYSTEMS\MASTERMIND.X\MASTERMIND.ASM 148 : Found label after column 1. (DIG3)
Warning[207] P:\EMBEDDED SYSTEMS\MASTERMIND.X\MASTERMIND.ASM 149 : Found label after column 1. (DIG4)
Warning[207] P:\EMBEDDED SYSTEMS\MASTERMIND.X\MASTERMIND.ASM 150 : Found label after column 1. (COUNT_BLACK)
Warning[207] P:\EMBEDDED SYSTEMS\MASTERMIND.X\MASTERMIND.ASM 151 : Found label after column 1. (COUNT_WHITE)
Warning[207] P:\EMBEDDED SYSTEMS\MASTERMIND.X\MASTERMIND.ASM 152 : Found label after column 1. (GENERATOR)
Warning[207] P:\EMBEDDED SYSTEMS\MASTERMIND.X\MASTERMIND.ASM 159 : Found label after column 1. (LOOP1b)
Warning[207] P:\EMBEDDED SYSTEMS\MASTERMIND.X\MASTERMIND.ASM 163 : Found label after column 1. (LOOP2b)
Warning[207] P:\EMBEDDED SYSTEMS\MASTERMIND.X\MASTERMIND.ASM 167 : Found label after column 1. (LOOP3b)
Warning[207] P:\EMBEDDED SYSTEMS\MASTERMIND.X\MASTERMIND.ASM 171 : Found label after column 1. (LOOP4b)
Warning[207] P:\EMBEDDED SYSTEMS\MASTERMIND.X\MASTERMIND.ASM 1410 : Found label after column 1. (GUESS1)
Warning[207] P:\EMBEDDED SYSTEMS\MASTERMIND.X\MASTERMIND.ASM 1411 : Found label after column 1. (GUESS2)
Warning[207] P:\EMBEDDED SYSTEMS\MASTERMIND.X\MASTERMIND.ASM 1412 : Found label after column 1. (GUESS3)
Warning[207] P:\EMBEDDED SYSTEMS\MASTERMIND.X\MASTERMIND.ASM 1413 : Found label after column 1. (GUESS4)
Warning[207] P:\EMBEDDED SYSTEMS\MASTERMIND.X\MASTERMIND.ASM 1414 : Found label after column 1. (CNT)
Warning[207] P:\EMBEDDED SYSTEMS\MASTERMIND.X\MASTERMIND.ASM 1415 : Found label after column 1. (DisplayCNT)
Warning[207] P:\EMBEDDED SYSTEMS\MASTERMIND.X\MASTERMIND.ASM 1416 : Found label after column 1. (GUESS_COUNTER)
Warning[207] P:\EMBEDDED SYSTEMS\MASTERMIND.X\MASTERMIND.ASM 1417 : Found label after column 1. (COUNT_BLACK)
Warning[207] P:\EMBEDDED SYSTEMS\MASTERMIND.X\MASTERMIND.ASM 1418 : Found label after column 1. (COUNT_WHITE)
Warning[207] P:\EMBEDDED SYSTEMS\MASTERMIND.X\MASTERMIND.ASM 1419 : Found label after column 1. (INNERCOUNTER)
Warning[207] P:\EMBEDDED SYSTEMS\MASTERMIND.X\MASTERMIND.ASM 1551 : Found label after column 1. (RESET_CNT1)
Warning[207] P:\EMBEDDED SYSTEMS\MASTERMIND.X\MASTERMIND.ASM 1558 : Found label after column 1. (Select_Digit1)
Warning[207] P:\EMBEDDED SYSTEMS\MASTERMIND.X\MASTERMIND.ASM 1579 : Found label after column 1. (SW2_PRESS1)
Warning[207] P:\EMBEDDED SYSTEMS\MASTERMIND.X\MASTERMIND.ASM 1585 : Found label after column 1. (SW2_RELEASE1)
Warning[207] P:\EMBEDDED SYSTEMS\MASTERMIND.X\MASTERMIND.ASM 1595 : Found label after column 1. (SW3_RELEASE1)
Warning[207] P:\EMBEDDED SYSTEMS\MASTERMIND.X\MASTERMIND.ASM 1610 : Found label after column 1. (RESET_CNT2)
Warning[207] P:\EMBEDDED SYSTEMS\MASTERMIND.X\MASTERMIND.ASM 1616 : Found label after column 1. (Select_Digit2)
Warning[207] P:\EMBEDDED SYSTEMS\MASTERMIND.X\MASTERMIND.ASM 1632 : Found label after column 1. (SW2_RELEASE2)
Warning[207] P:\EMBEDDED SYSTEMS\MASTERMIND.X\MASTERMIND.ASM 1641 : Found label after column 1. (SW3_RELEASE2)
Warning[207] P:\EMBEDDED SYSTEMS\MASTERMIND.X\MASTERMIND.ASM 1655 : Found label after column 1. (RESET_CNT3)
Warning[207] P:\EMBEDDED SYSTEMS\MASTERMIND.X\MASTERMIND.ASM 1661 : Found label after column 1. (Select_Digit3)
Warning[207] P:\EMBEDDED SYSTEMS\MASTERMIND.X\MASTERMIND.ASM 1677 : Found label after column 1. (SW2_RELEASE3)
Warning[207] P:\EMBEDDED SYSTEMS\MASTERMIND.X\MASTERMIND.ASM 1686 : Found label after column 1. (SW3_RELEASE3)
Warning[207] P:\EMBEDDED SYSTEMS\MASTERMIND.X\MASTERMIND.ASM 1700 : Found label after column 1. (RESET_CNT4)
Warning[207] P:\EMBEDDED SYSTEMS\MASTERMIND.X\MASTERMIND.ASM 1706 : Found label after column 1. (Select_Digit4)
Warning[207] P:\EMBEDDED SYSTEMS\MASTERMIND.X\MASTERMIND.ASM 1722 : Found label after column 1. (SW2_RELEASE4)
Warning[207] P:\EMBEDDED SYSTEMS\MASTERMIND.X\MASTERMIND.ASM 1731 : Found label after column 1. (SW3_RELEASE4)
Warning[207] P:\EMBEDDED SYSTEMS\MASTERMIND.X\MASTERMIND.ASM 1750 : Found label after column 1. (REG1)
Warning[207] P:\EMBEDDED SYSTEMS\MASTERMIND.X\MASTERMIND.ASM 1751 : Found label after column 1. (REG2)
Warning[207] P:\EMBEDDED SYSTEMS\MASTERMIND.X\MASTERMIND.ASM 1752 : Found label after column 1. (REG3)
Warning[207] P:\EMBEDDED SYSTEMS\MASTERMIND.X\MASTERMIND.ASM 1753 : Found label after column 1. (REG4)
Warning[207] P:\EMBEDDED SYSTEMS\MASTERMIND.X\MASTERMIND.ASM 1755 : Found label after column 1. (REG5)
Warning[207] P:\EMBEDDED SYSTEMS\MASTERMIND.X\MASTERMIND.ASM 1756 : Found label after column 1. (REG6)
Warning[207] P:\EMBEDDED SYSTEMS\MASTERMIND.X\MASTERMIND.ASM 1757 : Found label after column 1. (REG7)
Warning[207] P:\EMBEDDED SYSTEMS\MASTERMIND.X\MASTERMIND.ASM 1758 : Found label after column 1. (REG8)
Warning[207] P:\EMBEDDED SYSTEMS\MASTERMIND.X\MASTERMIND.ASM 2273 : Found label after column 1. (NextRow)
