Warning[207] P:\EMBEDDED SYSTEMS\MASTERMIND.X\THE_REAL_DEAL.ASM 146 : Found label after column 1. (DIG1)
Warning[207] P:\EMBEDDED SYSTEMS\MASTERMIND.X\THE_REAL_DEAL.ASM 147 : Found label after column 1. (DIG2)
Warning[207] P:\EMBEDDED SYSTEMS\MASTERMIND.X\THE_REAL_DEAL.ASM 148 : Found label after column 1. (DIG3)
Warning[207] P:\EMBEDDED SYSTEMS\MASTERMIND.X\THE_REAL_DEAL.ASM 149 : Found label after column 1. (DIG4)
Warning[207] P:\EMBEDDED SYSTEMS\MASTERMIND.X\THE_REAL_DEAL.ASM 150 : Found label after column 1. (COUNT_BLACK)
Warning[207] P:\EMBEDDED SYSTEMS\MASTERMIND.X\THE_REAL_DEAL.ASM 151 : Found label after column 1. (COUNT_WHITE)
Warning[207] P:\EMBEDDED SYSTEMS\MASTERMIND.X\THE_REAL_DEAL.ASM 152 : Found label after column 1. (GENERATOR)
Warning[207] P:\EMBEDDED SYSTEMS\MASTERMIND.X\THE_REAL_DEAL.ASM 159 : Found label after column 1. (LOOP1b)
Warning[207] P:\EMBEDDED SYSTEMS\MASTERMIND.X\THE_REAL_DEAL.ASM 163 : Found label after column 1. (LOOP2b)
Warning[207] P:\EMBEDDED SYSTEMS\MASTERMIND.X\THE_REAL_DEAL.ASM 167 : Found label after column 1. (LOOP3b)
Warning[207] P:\EMBEDDED SYSTEMS\MASTERMIND.X\THE_REAL_DEAL.ASM 171 : Found label after column 1. (LOOP4b)
Warning[207] P:\EMBEDDED SYSTEMS\MASTERMIND.X\THE_REAL_DEAL.ASM 1410 : Found label after column 1. (GUESS1)
Warning[207] P:\EMBEDDED SYSTEMS\MASTERMIND.X\THE_REAL_DEAL.ASM 1411 : Found label after column 1. (GUESS2)
Warning[207] P:\EMBEDDED SYSTEMS\MASTERMIND.X\THE_REAL_DEAL.ASM 1412 : Found label after column 1. (GUESS3)
Warning[207] P:\EMBEDDED SYSTEMS\MASTERMIND.X\THE_REAL_DEAL.ASM 1413 : Found label after column 1. (GUESS4)
Warning[207] P:\EMBEDDED SYSTEMS\MASTERMIND.X\THE_REAL_DEAL.ASM 1414 : Found label after column 1. (CNT)
Warning[207] P:\EMBEDDED SYSTEMS\MASTERMIND.X\THE_REAL_DEAL.ASM 1415 : Found label after column 1. (DisplayCNT)
Warning[207] P:\EMBEDDED SYSTEMS\MASTERMIND.X\THE_REAL_DEAL.ASM 1416 : Found label after column 1. (GUESS_COUNTER)
Warning[207] P:\EMBEDDED SYSTEMS\MASTERMIND.X\THE_REAL_DEAL.ASM 1417 : Found label after column 1. (COUNT_BLACK)
Warning[207] P:\EMBEDDED SYSTEMS\MASTERMIND.X\THE_REAL_DEAL.ASM 1418 : Found label after column 1. (COUNT_WHITE)
Warning[207] P:\EMBEDDED SYSTEMS\MASTERMIND.X\THE_REAL_DEAL.ASM 1419 : Found label after column 1. (INNERCOUNTER)
Warning[207] P:\EMBEDDED SYSTEMS\MASTERMIND.X\THE_REAL_DEAL.ASM 1550 : Found label after column 1. (RESET_CNT1)
Warning[207] P:\EMBEDDED SYSTEMS\MASTERMIND.X\THE_REAL_DEAL.ASM 1557 : Found label after column 1. (Select_Digit1)
Warning[207] P:\EMBEDDED SYSTEMS\MASTERMIND.X\THE_REAL_DEAL.ASM 1578 : Found label after column 1. (SW2_PRESS1)
Warning[207] P:\EMBEDDED SYSTEMS\MASTERMIND.X\THE_REAL_DEAL.ASM 1584 : Found label after column 1. (SW2_RELEASE1)
Warning[207] P:\EMBEDDED SYSTEMS\MASTERMIND.X\THE_REAL_DEAL.ASM 1594 : Found label after column 1. (SW3_RELEASE1)
Warning[207] P:\EMBEDDED SYSTEMS\MASTERMIND.X\THE_REAL_DEAL.ASM 1609 : Found label after column 1. (RESET_CNT2)
Warning[207] P:\EMBEDDED SYSTEMS\MASTERMIND.X\THE_REAL_DEAL.ASM 1615 : Found label after column 1. (Select_Digit2)
Warning[207] P:\EMBEDDED SYSTEMS\MASTERMIND.X\THE_REAL_DEAL.ASM 1631 : Found label after column 1. (SW2_RELEASE2)
Warning[207] P:\EMBEDDED SYSTEMS\MASTERMIND.X\THE_REAL_DEAL.ASM 1640 : Found label after column 1. (SW3_RELEASE2)
Warning[207] P:\EMBEDDED SYSTEMS\MASTERMIND.X\THE_REAL_DEAL.ASM 1654 : Found label after column 1. (RESET_CNT3)
Warning[207] P:\EMBEDDED SYSTEMS\MASTERMIND.X\THE_REAL_DEAL.ASM 1660 : Found label after column 1. (Select_Digit3)
Warning[207] P:\EMBEDDED SYSTEMS\MASTERMIND.X\THE_REAL_DEAL.ASM 1676 : Found label after column 1. (SW2_RELEASE3)
Warning[207] P:\EMBEDDED SYSTEMS\MASTERMIND.X\THE_REAL_DEAL.ASM 1685 : Found label after column 1. (SW3_RELEASE3)
Warning[207] P:\EMBEDDED SYSTEMS\MASTERMIND.X\THE_REAL_DEAL.ASM 1699 : Found label after column 1. (RESET_CNT4)
Warning[207] P:\EMBEDDED SYSTEMS\MASTERMIND.X\THE_REAL_DEAL.ASM 1705 : Found label after column 1. (Select_Digit4)
Warning[207] P:\EMBEDDED SYSTEMS\MASTERMIND.X\THE_REAL_DEAL.ASM 1721 : Found label after column 1. (SW2_RELEASE4)
Warning[207] P:\EMBEDDED SYSTEMS\MASTERMIND.X\THE_REAL_DEAL.ASM 1730 : Found label after column 1. (SW3_RELEASE4)
Warning[207] P:\EMBEDDED SYSTEMS\MASTERMIND.X\THE_REAL_DEAL.ASM 1749 : Found label after column 1. (REG1)
Warning[207] P:\EMBEDDED SYSTEMS\MASTERMIND.X\THE_REAL_DEAL.ASM 1750 : Found label after column 1. (REG2)
Warning[207] P:\EMBEDDED SYSTEMS\MASTERMIND.X\THE_REAL_DEAL.ASM 1751 : Found label after column 1. (REG3)
Warning[207] P:\EMBEDDED SYSTEMS\MASTERMIND.X\THE_REAL_DEAL.ASM 1752 : Found label after column 1. (REG4)
Warning[207] P:\EMBEDDED SYSTEMS\MASTERMIND.X\THE_REAL_DEAL.ASM 1754 : Found label after column 1. (REG5)
Warning[207] P:\EMBEDDED SYSTEMS\MASTERMIND.X\THE_REAL_DEAL.ASM 1755 : Found label after column 1. (REG6)
Warning[207] P:\EMBEDDED SYSTEMS\MASTERMIND.X\THE_REAL_DEAL.ASM 1756 : Found label after column 1. (REG7)
Warning[207] P:\EMBEDDED SYSTEMS\MASTERMIND.X\THE_REAL_DEAL.ASM 1757 : Found label after column 1. (REG8)
Warning[207] P:\EMBEDDED SYSTEMS\MASTERMIND.X\THE_REAL_DEAL.ASM 2272 : Found label after column 1. (NextRow)
